<?xml version="1.0" encoding="UTF-8"?>
<testng-results ignored="0" total="1" passed="1" failed="0" skipped="0">
  <reporter-output>
  </reporter-output>
  <suite started-at="2024-07-01T16:00:03 IST" name="Default suite" finished-at="2024-07-01T16:00:05 IST" duration-ms="2150">
    <groups>
    </groups>
    <test started-at="2024-07-01T16:00:03 IST" name="Default test" finished-at="2024-07-01T16:00:05 IST" duration-ms="2150">
      <class name="practo.wtest">
        <test-method signature="testWeatherInLondon()[pri:0, instance:practo.wtest@2bbf180e]" started-at="2024-07-01T16:00:03 IST" name="testWeatherInLondon" finished-at="2024-07-01T16:00:05 IST" duration-ms="2127" status="PASS">
          <reporter-output>
          </reporter-output>
        </test-method> <!-- testWeatherInLondon -->
      </class> <!-- practo.wtest -->
    </test> <!-- Default test -->
  </suite> <!-- Default suite -->
</testng-results>
