<?xml version="1.0" encoding="UTF-8"?>
<testng-results ignored="0" total="1" passed="1" failed="0" skipped="0">
  <reporter-output>
  </reporter-output>
  <suite started-at="2024-07-01T12:32:27 IST" name="Default suite" finished-at="2024-07-01T12:32:30 IST" duration-ms="2965">
    <groups>
    </groups>
    <test started-at="2024-07-01T12:32:27 IST" name="Default test" finished-at="2024-07-01T12:32:30 IST" duration-ms="2965">
      <class name="practo.httprequest">
        <test-method signature="testPopulationByCity()[pri:0, instance:practo.httprequest@2bbf180e]" started-at="2024-07-01T12:32:27 IST" name="testPopulationByCity" finished-at="2024-07-01T12:32:30 IST" duration-ms="2941" status="PASS">
          <reporter-output>
          </reporter-output>
        </test-method> <!-- testPopulationByCity -->
      </class> <!-- practo.httprequest -->
    </test> <!-- Default test -->
  </suite> <!-- Default suite -->
</testng-results>
